[0.070s] DEBUG:colcon:Command line arguments: ['/usr/bin/colcon', 'build', '--symlink-install']
[0.070s] DEBUG:colcon:Parsed command line arguments: Namespace(log_base=None, log_level=None, verb_name='build', build_base='build', install_base='install', merge_install=False, symlink_install=True, test_result_base=None, continue_on_error=False, executor='parallel', parallel_workers=12, event_handlers=None, ignore_user_meta=False, metas=['./colcon.meta'], base_paths=['.'], packages_ignore=None, packages_ignore_regex=None, paths=None, packages_up_to=None, packages_up_to_regex=None, packages_above=None, packages_above_and_dependencies=None, packages_above_depth=None, packages_select_by_dep=None, packages_skip_by_dep=None, packages_skip_up_to=None, packages_select_build_failed=False, packages_skip_build_finished=False, packages_select_test_failures=False, packages_skip_test_passed=False, packages_select=None, packages_skip=None, packages_select_regex=None, packages_skip_regex=None, packages_start=None, packages_end=None, cmake_args=None, cmake_target=None, cmake_target_skip_unavailable=False, cmake_clean_cache=False, cmake_clean_first=False, cmake_force_configure=False, ament_cmake_args=None, catkin_cmake_args=None, catkin_skip_building_tests=False, mixin_files=None, mixin=None, verb_parser=<colcon_mixin.mixin.mixin_argument.MixinArgumentDecorator object at 0xffff9fc755d0>, verb_extension=<colcon_core.verb.build.BuildVerb object at 0xffff9fc75060>, main=<bound method BuildVerb.main of <colcon_core.verb.build.BuildVerb object at 0xffff9fc75060>>, mixin_verb=('build',))
[0.147s] Level 1:colcon.colcon_core.package_discovery:discover_packages(colcon_meta) check parameters
[0.147s] Level 1:colcon.colcon_core.package_discovery:discover_packages(recursive) check parameters
[0.147s] Level 1:colcon.colcon_core.package_discovery:discover_packages(ignore) check parameters
[0.147s] Level 1:colcon.colcon_core.package_discovery:discover_packages(path) check parameters
[0.147s] Level 1:colcon.colcon_core.package_discovery:discover_packages(colcon_meta) discover
[0.148s] Level 1:colcon.colcon_core.package_discovery:discover_packages(recursive) discover
[0.148s] INFO:colcon.colcon_core.package_discovery:Crawling recursively for packages in '/home/racecar/racecar_ws/src/team13/lab3'
[0.148s] Level 1:colcon.colcon_core.package_identification:_identify(.) by extensions ['ignore', 'ignore_ament_install']
[0.148s] Level 1:colcon.colcon_core.package_identification:_identify(.) by extension 'ignore'
[0.148s] Level 1:colcon.colcon_core.package_identification:_identify(.) by extension 'ignore_ament_install'
[0.148s] Level 1:colcon.colcon_core.package_identification:_identify(.) by extensions ['colcon_pkg']
[0.148s] Level 1:colcon.colcon_core.package_identification:_identify(.) by extension 'colcon_pkg'
[0.149s] Level 1:colcon.colcon_core.package_identification:_identify(.) by extensions ['colcon_meta']
[0.149s] Level 1:colcon.colcon_core.package_identification:_identify(.) by extension 'colcon_meta'
[0.149s] Level 1:colcon.colcon_core.package_identification:_identify(.) by extensions ['ros']
[0.149s] Level 1:colcon.colcon_core.package_identification:_identify(.) by extension 'ros'
[0.155s] Level 1:colcon.colcon_core.package_identification:_identify(.) by extensions ['cmake', 'python']
[0.155s] Level 1:colcon.colcon_core.package_identification:_identify(.) by extension 'cmake'
[0.155s] Level 1:colcon.colcon_core.package_identification:_identify(.) by extension 'python'
[0.155s] Level 1:colcon.colcon_core.package_identification:_identify(.) by extensions ['python_setup_py']
[0.155s] Level 1:colcon.colcon_core.package_identification:_identify(.) by extension 'python_setup_py'
[0.156s] Level 1:colcon.colcon_core.package_identification:_identify(build) by extensions ['ignore', 'ignore_ament_install']
[0.156s] Level 1:colcon.colcon_core.package_identification:_identify(build) by extension 'ignore'
[0.156s] Level 1:colcon.colcon_core.package_identification:_identify(build) ignored
[0.156s] Level 1:colcon.colcon_core.package_identification:_identify(install) by extensions ['ignore', 'ignore_ament_install']
[0.156s] Level 1:colcon.colcon_core.package_identification:_identify(install) by extension 'ignore'
[0.156s] Level 1:colcon.colcon_core.package_identification:_identify(install) ignored
[0.157s] Level 1:colcon.colcon_core.package_identification:_identify(log) by extensions ['ignore', 'ignore_ament_install']
[0.157s] Level 1:colcon.colcon_core.package_identification:_identify(log) by extension 'ignore'
[0.157s] Level 1:colcon.colcon_core.package_identification:_identify(log) ignored
[0.157s] Level 1:colcon.colcon_core.package_identification:_identify(safety_controller) by extensions ['ignore', 'ignore_ament_install']
[0.157s] Level 1:colcon.colcon_core.package_identification:_identify(safety_controller) by extension 'ignore'
[0.158s] Level 1:colcon.colcon_core.package_identification:_identify(safety_controller) by extension 'ignore_ament_install'
[0.158s] Level 1:colcon.colcon_core.package_identification:_identify(safety_controller) by extensions ['colcon_pkg']
[0.158s] Level 1:colcon.colcon_core.package_identification:_identify(safety_controller) by extension 'colcon_pkg'
[0.158s] Level 1:colcon.colcon_core.package_identification:_identify(safety_controller) by extensions ['colcon_meta']
[0.158s] Level 1:colcon.colcon_core.package_identification:_identify(safety_controller) by extension 'colcon_meta'
[0.158s] Level 1:colcon.colcon_core.package_identification:_identify(safety_controller) by extensions ['ros']
[0.158s] Level 1:colcon.colcon_core.package_identification:_identify(safety_controller) by extension 'ros'
[0.160s] DEBUG:colcon.colcon_core.package_identification:Package 'safety_controller' with type 'ros.ament_python' and name 'safety_controller'
[0.160s] Level 1:colcon.colcon_core.package_identification:_identify(wall_follower_sim) by extensions ['ignore', 'ignore_ament_install']
[0.160s] Level 1:colcon.colcon_core.package_identification:_identify(wall_follower_sim) by extension 'ignore'
[0.160s] Level 1:colcon.colcon_core.package_identification:_identify(wall_follower_sim) by extension 'ignore_ament_install'
[0.160s] Level 1:colcon.colcon_core.package_identification:_identify(wall_follower_sim) by extensions ['colcon_pkg']
[0.160s] Level 1:colcon.colcon_core.package_identification:_identify(wall_follower_sim) by extension 'colcon_pkg'
[0.161s] Level 1:colcon.colcon_core.package_identification:_identify(wall_follower_sim) by extensions ['colcon_meta']
[0.161s] Level 1:colcon.colcon_core.package_identification:_identify(wall_follower_sim) by extension 'colcon_meta'
[0.161s] Level 1:colcon.colcon_core.package_identification:_identify(wall_follower_sim) by extensions ['ros']
[0.161s] Level 1:colcon.colcon_core.package_identification:_identify(wall_follower_sim) by extension 'ros'
[0.162s] DEBUG:colcon.colcon_core.package_identification:Package 'wall_follower_sim' with type 'ros.ament_python' and name 'robot_wall_follower'
[0.162s] Level 1:colcon.colcon_core.package_discovery:discover_packages(recursive) using defaults
[0.162s] Level 1:colcon.colcon_core.package_discovery:discover_packages(ignore) discover
[0.162s] Level 1:colcon.colcon_core.package_discovery:discover_packages(ignore) using defaults
[0.162s] Level 1:colcon.colcon_core.package_discovery:discover_packages(path) discover
[0.162s] Level 1:colcon.colcon_core.package_discovery:discover_packages(path) using defaults
[0.173s] Level 5:colcon.colcon_core.verb:set package 'robot_wall_follower' build argument 'cmake_args' from command line to 'None'
[0.173s] Level 5:colcon.colcon_core.verb:set package 'robot_wall_follower' build argument 'cmake_target' from command line to 'None'
[0.173s] Level 5:colcon.colcon_core.verb:set package 'robot_wall_follower' build argument 'cmake_target_skip_unavailable' from command line to 'False'
[0.173s] Level 5:colcon.colcon_core.verb:set package 'robot_wall_follower' build argument 'cmake_clean_cache' from command line to 'False'
[0.173s] Level 5:colcon.colcon_core.verb:set package 'robot_wall_follower' build argument 'cmake_clean_first' from command line to 'False'
[0.173s] Level 5:colcon.colcon_core.verb:set package 'robot_wall_follower' build argument 'cmake_force_configure' from command line to 'False'
[0.173s] Level 5:colcon.colcon_core.verb:set package 'robot_wall_follower' build argument 'ament_cmake_args' from command line to 'None'
[0.173s] Level 5:colcon.colcon_core.verb:set package 'robot_wall_follower' build argument 'catkin_cmake_args' from command line to 'None'
[0.173s] Level 5:colcon.colcon_core.verb:set package 'robot_wall_follower' build argument 'catkin_skip_building_tests' from command line to 'False'
[0.173s] DEBUG:colcon.colcon_core.verb:Building package 'robot_wall_follower' with the following arguments: {'ament_cmake_args': None, 'build_base': '/home/racecar/racecar_ws/src/team13/lab3/build/robot_wall_follower', 'catkin_cmake_args': None, 'catkin_skip_building_tests': False, 'cmake_args': None, 'cmake_clean_cache': False, 'cmake_clean_first': False, 'cmake_force_configure': False, 'cmake_target': None, 'cmake_target_skip_unavailable': False, 'install_base': '/home/racecar/racecar_ws/src/team13/lab3/install/robot_wall_follower', 'merge_install': False, 'path': '/home/racecar/racecar_ws/src/team13/lab3/wall_follower_sim', 'symlink_install': True, 'test_result_base': None}
[0.173s] Level 5:colcon.colcon_core.verb:set package 'safety_controller' build argument 'cmake_args' from command line to 'None'
[0.174s] Level 5:colcon.colcon_core.verb:set package 'safety_controller' build argument 'cmake_target' from command line to 'None'
[0.174s] Level 5:colcon.colcon_core.verb:set package 'safety_controller' build argument 'cmake_target_skip_unavailable' from command line to 'False'
[0.174s] Level 5:colcon.colcon_core.verb:set package 'safety_controller' build argument 'cmake_clean_cache' from command line to 'False'
[0.174s] Level 5:colcon.colcon_core.verb:set package 'safety_controller' build argument 'cmake_clean_first' from command line to 'False'
[0.174s] Level 5:colcon.colcon_core.verb:set package 'safety_controller' build argument 'cmake_force_configure' from command line to 'False'
[0.174s] Level 5:colcon.colcon_core.verb:set package 'safety_controller' build argument 'ament_cmake_args' from command line to 'None'
[0.174s] Level 5:colcon.colcon_core.verb:set package 'safety_controller' build argument 'catkin_cmake_args' from command line to 'None'
[0.174s] Level 5:colcon.colcon_core.verb:set package 'safety_controller' build argument 'catkin_skip_building_tests' from command line to 'False'
[0.174s] DEBUG:colcon.colcon_core.verb:Building package 'safety_controller' with the following arguments: {'ament_cmake_args': None, 'build_base': '/home/racecar/racecar_ws/src/team13/lab3/build/safety_controller', 'catkin_cmake_args': None, 'catkin_skip_building_tests': False, 'cmake_args': None, 'cmake_clean_cache': False, 'cmake_clean_first': False, 'cmake_force_configure': False, 'cmake_target': None, 'cmake_target_skip_unavailable': False, 'install_base': '/home/racecar/racecar_ws/src/team13/lab3/install/safety_controller', 'merge_install': False, 'path': '/home/racecar/racecar_ws/src/team13/lab3/safety_controller', 'symlink_install': True, 'test_result_base': None}
[0.174s] INFO:colcon.colcon_core.executor:Executing jobs using 'parallel' executor
[0.175s] DEBUG:colcon.colcon_parallel_executor.executor.parallel:run_until_complete
[0.175s] INFO:colcon.colcon_ros.task.ament_python.build:Building ROS package in '/home/racecar/racecar_ws/src/team13/lab3/wall_follower_sim' with build type 'ament_python'
[0.175s] Level 1:colcon.colcon_core.shell:create_environment_hook('robot_wall_follower', 'ament_prefix_path')
[0.176s] INFO:colcon.colcon_core.plugin_system:Skipping extension 'colcon_core.shell.bat': Not used on non-Windows systems
[0.176s] INFO:colcon.colcon_core.shell:Creating environment hook '/home/racecar/racecar_ws/src/team13/lab3/install/robot_wall_follower/share/robot_wall_follower/hook/ament_prefix_path.ps1'
[0.178s] INFO:colcon.colcon_core.shell:Creating environment descriptor '/home/racecar/racecar_ws/src/team13/lab3/install/robot_wall_follower/share/robot_wall_follower/hook/ament_prefix_path.dsv'
[0.179s] INFO:colcon.colcon_core.shell:Creating environment hook '/home/racecar/racecar_ws/src/team13/lab3/install/robot_wall_follower/share/robot_wall_follower/hook/ament_prefix_path.sh'
[0.179s] INFO:colcon.colcon_core.shell:Skip shell extension 'powershell' for command environment: Not usable outside of PowerShell
[0.179s] DEBUG:colcon.colcon_core.shell:Skip shell extension 'dsv' for command environment
[0.186s] INFO:colcon.colcon_ros.task.ament_python.build:Building ROS package in '/home/racecar/racecar_ws/src/team13/lab3/safety_controller' with build type 'ament_python'
[0.186s] Level 1:colcon.colcon_core.shell:create_environment_hook('safety_controller', 'ament_prefix_path')
[0.186s] INFO:colcon.colcon_core.shell:Creating environment hook '/home/racecar/racecar_ws/src/team13/lab3/install/safety_controller/share/safety_controller/hook/ament_prefix_path.ps1'
[0.188s] INFO:colcon.colcon_core.shell:Creating environment descriptor '/home/racecar/racecar_ws/src/team13/lab3/install/safety_controller/share/safety_controller/hook/ament_prefix_path.dsv'
[0.188s] INFO:colcon.colcon_core.shell:Creating environment hook '/home/racecar/racecar_ws/src/team13/lab3/install/safety_controller/share/safety_controller/hook/ament_prefix_path.sh'
[0.189s] INFO:colcon.colcon_core.shell:Skip shell extension 'powershell' for command environment: Not usable outside of PowerShell
[0.189s] DEBUG:colcon.colcon_core.shell:Skip shell extension 'dsv' for command environment
[0.309s] INFO:colcon.colcon_core.task.python.build:Building Python package in '/home/racecar/racecar_ws/src/team13/lab3/wall_follower_sim'
[0.309s] INFO:colcon.colcon_core.shell:Skip shell extension 'powershell' for command environment: Not usable outside of PowerShell
[0.309s] DEBUG:colcon.colcon_core.shell:Skip shell extension 'dsv' for command environment
[0.424s] INFO:colcon.colcon_core.task.python.build:Building Python package in '/home/racecar/racecar_ws/src/team13/lab3/safety_controller'
[0.424s] INFO:colcon.colcon_core.shell:Skip shell extension 'powershell' for command environment: Not usable outside of PowerShell
[0.424s] DEBUG:colcon.colcon_core.shell:Skip shell extension 'dsv' for command environment
[0.640s] DEBUG:colcon.colcon_core.event_handler.log_command:Invoking command in '/home/racecar/racecar_ws/src/team13/lab3/build/safety_controller': PYTHONPATH=/home/racecar/racecar_ws/src/team13/lab3/build/safety_controller/prefix_override:/usr/lib/python3/dist-packages/colcon_core/task/python/colcon_distutils_commands:/home/racecar/racecar_ws/src/team13/lab3/install/safety_controller/lib/python3.10/site-packages:${PYTHONPATH} /usr/bin/python3 -W ignore:setup.py install is deprecated -W ignore:easy_install command is deprecated setup.py develop --editable --build-directory /home/racecar/racecar_ws/src/team13/lab3/build/safety_controller/build --no-deps symlink_data
[0.647s] DEBUG:colcon.colcon_core.event_handler.log_command:Invoking command in '/home/racecar/racecar_ws/src/team13/lab3/build/robot_wall_follower': PYTHONPATH=/home/racecar/racecar_ws/src/team13/lab3/build/robot_wall_follower/prefix_override:/usr/lib/python3/dist-packages/colcon_core/task/python/colcon_distutils_commands:/home/racecar/racecar_ws/src/team13/lab3/install/robot_wall_follower/lib/python3.10/site-packages:${PYTHONPATH} /usr/bin/python3 -W ignore:setup.py install is deprecated -W ignore:easy_install command is deprecated setup.py develop --editable --build-directory /home/racecar/racecar_ws/src/team13/lab3/build/robot_wall_follower/build --no-deps symlink_data
[0.947s] Level 1:colcon.colcon_core.shell:create_environment_hook('safety_controller', 'pythonpath_develop')
[0.947s] INFO:colcon.colcon_core.shell:Creating environment hook '/home/racecar/racecar_ws/src/team13/lab3/build/safety_controller/share/safety_controller/hook/pythonpath_develop.ps1'
[0.948s] DEBUG:colcon.colcon_core.event_handler.log_command:Invoked command in '/home/racecar/racecar_ws/src/team13/lab3/build/safety_controller' returned '0': PYTHONPATH=/home/racecar/racecar_ws/src/team13/lab3/build/safety_controller/prefix_override:/usr/lib/python3/dist-packages/colcon_core/task/python/colcon_distutils_commands:/home/racecar/racecar_ws/src/team13/lab3/install/safety_controller/lib/python3.10/site-packages:${PYTHONPATH} /usr/bin/python3 -W ignore:setup.py install is deprecated -W ignore:easy_install command is deprecated setup.py develop --editable --build-directory /home/racecar/racecar_ws/src/team13/lab3/build/safety_controller/build --no-deps symlink_data
[0.950s] INFO:colcon.colcon_core.shell:Creating environment descriptor '/home/racecar/racecar_ws/src/team13/lab3/build/safety_controller/share/safety_controller/hook/pythonpath_develop.dsv'
[0.951s] INFO:colcon.colcon_core.shell:Creating environment hook '/home/racecar/racecar_ws/src/team13/lab3/build/safety_controller/share/safety_controller/hook/pythonpath_develop.sh'
[0.953s] Level 1:colcon.colcon_core.environment:checking '/home/racecar/racecar_ws/src/team13/lab3/install/safety_controller' for CMake module files
[0.955s] Level 1:colcon.colcon_core.environment:checking '/home/racecar/racecar_ws/src/team13/lab3/install/safety_controller' for CMake config files
[0.957s] Level 1:colcon.colcon_core.environment:checking '/home/racecar/racecar_ws/src/team13/lab3/install/safety_controller/lib'
[0.958s] Level 1:colcon.colcon_core.environment:checking '/home/racecar/racecar_ws/src/team13/lab3/install/safety_controller/bin'
[0.958s] Level 1:colcon.colcon_core.environment:checking '/home/racecar/racecar_ws/src/team13/lab3/install/safety_controller/lib/pkgconfig/safety_controller.pc'
[0.958s] Level 1:colcon.colcon_core.environment:checking '/home/racecar/racecar_ws/src/team13/lab3/install/safety_controller/lib/python3.10/site-packages'
[0.958s] Level 1:colcon.colcon_core.shell:create_environment_hook('safety_controller', 'pythonpath')
[0.958s] INFO:colcon.colcon_core.shell:Creating environment hook '/home/racecar/racecar_ws/src/team13/lab3/install/safety_controller/share/safety_controller/hook/pythonpath.ps1'
[0.959s] INFO:colcon.colcon_core.shell:Creating environment descriptor '/home/racecar/racecar_ws/src/team13/lab3/install/safety_controller/share/safety_controller/hook/pythonpath.dsv'
[0.959s] INFO:colcon.colcon_core.shell:Creating environment hook '/home/racecar/racecar_ws/src/team13/lab3/install/safety_controller/share/safety_controller/hook/pythonpath.sh'
[0.960s] Level 1:colcon.colcon_core.environment:checking '/home/racecar/racecar_ws/src/team13/lab3/install/safety_controller/bin'
[0.960s] Level 1:colcon.colcon_core.environment:create_environment_scripts_only(safety_controller)
[0.960s] INFO:colcon.colcon_core.shell:Creating package script '/home/racecar/racecar_ws/src/team13/lab3/install/safety_controller/share/safety_controller/package.ps1'
[0.960s] INFO:colcon.colcon_core.shell:Creating package descriptor '/home/racecar/racecar_ws/src/team13/lab3/install/safety_controller/share/safety_controller/package.dsv'
[0.961s] INFO:colcon.colcon_core.shell:Creating package script '/home/racecar/racecar_ws/src/team13/lab3/install/safety_controller/share/safety_controller/package.sh'
[0.961s] INFO:colcon.colcon_core.shell:Creating package script '/home/racecar/racecar_ws/src/team13/lab3/install/safety_controller/share/safety_controller/package.bash'
[0.962s] INFO:colcon.colcon_core.shell:Creating package script '/home/racecar/racecar_ws/src/team13/lab3/install/safety_controller/share/safety_controller/package.zsh'
[0.963s] Level 1:colcon.colcon_core.environment:create_file_with_runtime_dependencies(/home/racecar/racecar_ws/src/team13/lab3/install/safety_controller/share/colcon-core/packages/safety_controller)
[0.968s] Level 1:colcon.colcon_core.shell:create_environment_hook('robot_wall_follower', 'pythonpath_develop')
[0.969s] INFO:colcon.colcon_core.shell:Creating environment hook '/home/racecar/racecar_ws/src/team13/lab3/build/robot_wall_follower/share/robot_wall_follower/hook/pythonpath_develop.ps1'
[0.970s] INFO:colcon.colcon_core.shell:Creating environment descriptor '/home/racecar/racecar_ws/src/team13/lab3/build/robot_wall_follower/share/robot_wall_follower/hook/pythonpath_develop.dsv'
[0.970s] DEBUG:colcon.colcon_core.event_handler.log_command:Invoked command in '/home/racecar/racecar_ws/src/team13/lab3/build/robot_wall_follower' returned '0': PYTHONPATH=/home/racecar/racecar_ws/src/team13/lab3/build/robot_wall_follower/prefix_override:/usr/lib/python3/dist-packages/colcon_core/task/python/colcon_distutils_commands:/home/racecar/racecar_ws/src/team13/lab3/install/robot_wall_follower/lib/python3.10/site-packages:${PYTHONPATH} /usr/bin/python3 -W ignore:setup.py install is deprecated -W ignore:easy_install command is deprecated setup.py develop --editable --build-directory /home/racecar/racecar_ws/src/team13/lab3/build/robot_wall_follower/build --no-deps symlink_data
[0.971s] INFO:colcon.colcon_core.shell:Creating environment hook '/home/racecar/racecar_ws/src/team13/lab3/build/robot_wall_follower/share/robot_wall_follower/hook/pythonpath_develop.sh'
[0.971s] Level 1:colcon.colcon_core.environment:checking '/home/racecar/racecar_ws/src/team13/lab3/install/robot_wall_follower' for CMake module files
[0.972s] Level 1:colcon.colcon_core.environment:checking '/home/racecar/racecar_ws/src/team13/lab3/install/robot_wall_follower' for CMake config files
[0.974s] Level 1:colcon.colcon_core.environment:checking '/home/racecar/racecar_ws/src/team13/lab3/install/robot_wall_follower/lib'
[0.975s] Level 1:colcon.colcon_core.environment:checking '/home/racecar/racecar_ws/src/team13/lab3/install/robot_wall_follower/bin'
[0.975s] Level 1:colcon.colcon_core.environment:checking '/home/racecar/racecar_ws/src/team13/lab3/install/robot_wall_follower/lib/pkgconfig/robot_wall_follower.pc'
[0.975s] Level 1:colcon.colcon_core.environment:checking '/home/racecar/racecar_ws/src/team13/lab3/install/robot_wall_follower/lib/python3.10/site-packages'
[0.975s] Level 1:colcon.colcon_core.shell:create_environment_hook('robot_wall_follower', 'pythonpath')
[0.975s] INFO:colcon.colcon_core.shell:Creating environment hook '/home/racecar/racecar_ws/src/team13/lab3/install/robot_wall_follower/share/robot_wall_follower/hook/pythonpath.ps1'
[0.975s] INFO:colcon.colcon_core.shell:Creating environment descriptor '/home/racecar/racecar_ws/src/team13/lab3/install/robot_wall_follower/share/robot_wall_follower/hook/pythonpath.dsv'
[0.976s] INFO:colcon.colcon_core.shell:Creating environment hook '/home/racecar/racecar_ws/src/team13/lab3/install/robot_wall_follower/share/robot_wall_follower/hook/pythonpath.sh'
[0.976s] Level 1:colcon.colcon_core.environment:checking '/home/racecar/racecar_ws/src/team13/lab3/install/robot_wall_follower/bin'
[0.976s] Level 1:colcon.colcon_core.environment:create_environment_scripts_only(robot_wall_follower)
[0.977s] INFO:colcon.colcon_core.shell:Creating package script '/home/racecar/racecar_ws/src/team13/lab3/install/robot_wall_follower/share/robot_wall_follower/package.ps1'
[0.977s] INFO:colcon.colcon_core.shell:Creating package descriptor '/home/racecar/racecar_ws/src/team13/lab3/install/robot_wall_follower/share/robot_wall_follower/package.dsv'
[0.978s] INFO:colcon.colcon_core.shell:Creating package script '/home/racecar/racecar_ws/src/team13/lab3/install/robot_wall_follower/share/robot_wall_follower/package.sh'
[0.978s] INFO:colcon.colcon_core.shell:Creating package script '/home/racecar/racecar_ws/src/team13/lab3/install/robot_wall_follower/share/robot_wall_follower/package.bash'
[0.979s] INFO:colcon.colcon_core.shell:Creating package script '/home/racecar/racecar_ws/src/team13/lab3/install/robot_wall_follower/share/robot_wall_follower/package.zsh'
[0.979s] Level 1:colcon.colcon_core.environment:create_file_with_runtime_dependencies(/home/racecar/racecar_ws/src/team13/lab3/install/robot_wall_follower/share/colcon-core/packages/robot_wall_follower)
[0.980s] DEBUG:colcon.colcon_parallel_executor.executor.parallel:closing loop
[0.980s] DEBUG:colcon.colcon_parallel_executor.executor.parallel:loop closed
[0.980s] DEBUG:colcon.colcon_parallel_executor.executor.parallel:run_until_complete finished with '0'
[0.980s] DEBUG:colcon.colcon_core.event_reactor:joining thread
[0.985s] INFO:colcon.colcon_core.plugin_system:Skipping extension 'colcon_notification.desktop_notification.notify_send': Could not find 'notify-send'
[0.985s] INFO:colcon.colcon_core.plugin_system:Skipping extension 'colcon_notification.desktop_notification.terminal_notifier': Not used on non-Darwin systems
[0.985s] INFO:colcon.colcon_core.plugin_system:Skipping extension 'colcon_notification.desktop_notification.win32': Not used on non-Windows systems
[0.985s] INFO:colcon.colcon_notification.desktop_notification:Sending desktop notification using 'notify2'
[0.985s] DEBUG:colcon.colcon_notification.desktop_notification.notify2:Failed to initialize notify2: org.freedesktop.DBus.Error.NotSupported: Unable to autolaunch a dbus-daemon without a $DISPLAY for X11
[0.985s] DEBUG:colcon.colcon_core.event_reactor:joined thread
[0.985s] INFO:colcon.colcon_core.shell:Creating prefix script '/home/racecar/racecar_ws/src/team13/lab3/install/local_setup.ps1'
[0.986s] INFO:colcon.colcon_core.shell:Creating prefix util module '/home/racecar/racecar_ws/src/team13/lab3/install/_local_setup_util_ps1.py'
[0.987s] INFO:colcon.colcon_core.shell:Creating prefix chain script '/home/racecar/racecar_ws/src/team13/lab3/install/setup.ps1'
[0.988s] INFO:colcon.colcon_core.shell:Creating prefix script '/home/racecar/racecar_ws/src/team13/lab3/install/local_setup.sh'
[0.989s] INFO:colcon.colcon_core.shell:Creating prefix util module '/home/racecar/racecar_ws/src/team13/lab3/install/_local_setup_util_sh.py'
[0.990s] INFO:colcon.colcon_core.shell:Creating prefix chain script '/home/racecar/racecar_ws/src/team13/lab3/install/setup.sh'
[0.991s] INFO:colcon.colcon_core.shell:Creating prefix script '/home/racecar/racecar_ws/src/team13/lab3/install/local_setup.bash'
[0.992s] INFO:colcon.colcon_core.shell:Creating prefix chain script '/home/racecar/racecar_ws/src/team13/lab3/install/setup.bash'
[0.993s] INFO:colcon.colcon_core.shell:Creating prefix script '/home/racecar/racecar_ws/src/team13/lab3/install/local_setup.zsh'
[0.994s] INFO:colcon.colcon_core.shell:Creating prefix chain script '/home/racecar/racecar_ws/src/team13/lab3/install/setup.zsh'
