[0.477s] Invoking command in '/home/racecar/racecar_ws/src/team13/lab3/build/robot_wall_follower': PYTHONPATH=/home/racecar/racecar_ws/src/team13/lab3/build/robot_wall_follower/prefix_override:/usr/lib/python3/dist-packages/colcon_core/task/python/colcon_distutils_commands:/home/racecar/racecar_ws/src/team13/lab3/install/robot_wall_follower/lib/python3.10/site-packages:${PYTHONPATH} /usr/bin/python3 -W ignore:setup.py install is deprecated -W ignore:easy_install command is deprecated setup.py develop --editable --build-directory /home/racecar/racecar_ws/src/team13/lab3/build/robot_wall_follower/build --no-deps symlink_data
[0.608s] /usr/lib/python3/dist-packages/setuptools/dist.py:723: UserWarning: Usage of dash-separated 'script-dir' will not be supported in future versions. Please use the underscore name 'script_dir' instead
[0.609s]   warnings.warn(
[0.624s] running develop
[0.716s] running egg_info
[0.718s] writing robot_wall_follower.egg-info/PKG-INFO
[0.719s] writing dependency_links to robot_wall_follower.egg-info/dependency_links.txt
[0.720s] writing entry points to robot_wall_follower.egg-info/entry_points.txt
[0.721s] writing requirements to robot_wall_follower.egg-info/requires.txt
[0.722s] writing top-level names to robot_wall_follower.egg-info/top_level.txt
[0.727s] reading manifest file 'robot_wall_follower.egg-info/SOURCES.txt'
[0.732s] writing manifest file 'robot_wall_follower.egg-info/SOURCES.txt'
[0.753s] running build_ext
[0.754s] Creating /home/racecar/racecar_ws/src/team13/lab3/install/robot_wall_follower/lib/python3.10/site-packages/robot-wall-follower.egg-link (link to .)
[0.755s] Installing robot_wall_follower script to /home/racecar/racecar_ws/src/team13/lab3/install/robot_wall_follower/lib/robot_wall_follower
[0.756s] Installing test_wall_follower script to /home/racecar/racecar_ws/src/team13/lab3/install/robot_wall_follower/lib/robot_wall_follower
[0.757s] Installing viz_example script to /home/racecar/racecar_ws/src/team13/lab3/install/robot_wall_follower/lib/robot_wall_follower
[0.758s] 
[0.758s] Installed /home/racecar/racecar_ws/src/team13/lab3/build/robot_wall_follower
[0.759s] running symlink_data
[0.795s] Invoked command in '/home/racecar/racecar_ws/src/team13/lab3/build/robot_wall_follower' returned '0': PYTHONPATH=/home/racecar/racecar_ws/src/team13/lab3/build/robot_wall_follower/prefix_override:/usr/lib/python3/dist-packages/colcon_core/task/python/colcon_distutils_commands:/home/racecar/racecar_ws/src/team13/lab3/install/robot_wall_follower/lib/python3.10/site-packages:${PYTHONPATH} /usr/bin/python3 -W ignore:setup.py install is deprecated -W ignore:easy_install command is deprecated setup.py develop --editable --build-directory /home/racecar/racecar_ws/src/team13/lab3/build/robot_wall_follower/build --no-deps symlink_data
