[0.000000] (-) TimerEvent: {}
[0.001610] (robot_wall_follower) JobQueued: {'identifier': 'robot_wall_follower', 'dependencies': OrderedDict()}
[0.002232] (safety_controller) JobQueued: {'identifier': 'safety_controller', 'dependencies': OrderedDict()}
[0.002660] (robot_wall_follower) JobStarted: {'identifier': 'robot_wall_follower'}
[0.097212] (safety_controller) JobStarted: {'identifier': 'safety_controller'}
[0.097855] (-) TimerEvent: {}
[0.201492] (-) TimerEvent: {}
[0.305135] (-) TimerEvent: {}
[0.406551] (-) TimerEvent: {}
[0.508553] (-) TimerEvent: {}
[0.610482] (-) TimerEvent: {}
[0.712648] (-) TimerEvent: {}
[0.815516] (-) TimerEvent: {}
[0.916697] (-) TimerEvent: {}
[1.018416] (-) TimerEvent: {}
[1.120564] (-) TimerEvent: {}
[1.221596] (-) TimerEvent: {}
[1.322459] (-) TimerEvent: {}
[1.423582] (-) TimerEvent: {}
[1.524438] (-) TimerEvent: {}
[1.625468] (-) TimerEvent: {}
[1.726606] (-) TimerEvent: {}
[1.827444] (-) TimerEvent: {}
[1.943573] (-) TimerEvent: {}
[2.044544] (-) TimerEvent: {}
[2.145409] (-) TimerEvent: {}
[2.246483] (-) TimerEvent: {}
[2.347437] (-) TimerEvent: {}
[2.448608] (-) TimerEvent: {}
[2.550662] (-) TimerEvent: {}
[2.653355] (-) TimerEvent: {}
[2.754712] (-) TimerEvent: {}
[2.856554] (-) TimerEvent: {}
[2.912986] (robot_wall_follower) Command: {'cmd': ['/usr/bin/python3', '-W', 'ignore:setup.py install is deprecated', '-W', 'ignore:easy_install command is deprecated', 'setup.py', 'egg_info', '--egg-base', '../build/robot_wall_follower', 'build', '--build-base', '/home/racecar/racecar_ws/src/lab3/build/robot_wall_follower/build', 'install', '--record', '/home/racecar/racecar_ws/src/lab3/build/robot_wall_follower/install.log', '--install-scripts', '$base/lib/robot_wall_follower', '--single-version-externally-managed', 'install_data'], 'cwd': '/home/racecar/racecar_ws/src/lab3/wall_follower_sim', 'env': {'VNCDESKTOP': 'fe8b7f4701d0:1 (racecar)', 'PYTHONIOENCODING': 'utf-8', 'HOSTNAME': 'fe8b7f4701d0', 'XDG_SESSION_TYPE': 'x11', 'SHLVL': '3', 'LD_LIBRARY_PATH': '/home/racecar/racecar_ws/install/custom_msgs/lib:/opt/ros/humble/opt/rviz_ogre_vendor/lib:/opt/ros/humble/lib/x86_64-linux-gnu:/opt/ros/humble/lib', 'HOME': '/home/racecar', 'OLDPWD': '/home/racecar/racecar_ws/src', 'ROS_PYTHON_VERSION': '3', 'COLCON_PREFIX_PATH': '/home/sim_ws/install:/home/racecar/racecar_ws/install', 'ROS_DISTRO': 'humble', 'LOGNAME': 'racecar', 'WINDOWID': '16777228', '_': '/usr/bin/colcon', 'ROS_VERSION': '2', 'XTERM_SHELL': '/bin/bash', 'XDG_SESSION_CLASS': 'user', 'TERM': 'xterm', 'ROS_LOCALHOST_ONLY': '0', 'PATH': '/opt/ros/humble/bin:/usr/local/sbin:/usr/local/bin:/usr/sbin:/usr/bin:/sbin:/bin', 'DISPLAY': ':1', 'LANG': 'en_US.UTF-8', 'AMENT_PREFIX_PATH': '/home/racecar/racecar_ws/install/wall_follower:/home/racecar/racecar_ws/install/safety_controller:/home/racecar/racecar_ws/install/ros_exercises:/home/racecar/racecar_ws/install/robot_wall_follower:/home/racecar/racecar_ws/install/py_pubsub:/home/racecar/racecar_ws/install/firstpack:/home/racecar/racecar_ws/install/custom_msgs:/home/sim_ws/install/racecar_simulator:/opt/ros/humble', 'SHELL': '/bin/bash', 'SIM_WS': '/home/sim_ws', 'PWD': '/home/racecar/racecar_ws/src/lab3/build/robot_wall_follower', 'XTERM_LOCALE': 'en_US.UTF-8', 'XTERM_VERSION': 'XTerm(372)', 'PYTHONPATH': '/home/racecar/racecar_ws/src/lab3/build/robot_wall_follower/prefix_override:/usr/lib/python3/dist-packages/colcon_core/task/python/colcon_distutils_commands:/home/racecar/racecar_ws/src/lab3/install/robot_wall_follower/lib/python3.10/site-packages:/home/racecar/racecar_ws/install/wall_follower/lib/python3.10/site-packages:/home/racecar/racecar_ws/install/safety_controller/lib/python3.10/site-packages:/home/racecar/racecar_ws/install/ros_exercises/lib/python3.10/site-packages:/home/racecar/racecar_ws/install/robot_wall_follower/lib/python3.10/site-packages:/home/racecar/racecar_ws/install/py_pubsub/lib/python3.10/site-packages:/home/racecar/racecar_ws/install/firstpack/lib/python3.10/site-packages:/home/racecar/racecar_ws/install/custom_msgs/local/lib/python3.10/dist-packages:/opt/ros/humble/lib/python3.10/site-packages:/opt/ros/humble/local/lib/python3.10/dist-packages', 'NO_VNC_VERSION': '1.4.0', 'COLCON': '1', 'CMAKE_PREFIX_PATH': '/home/racecar/racecar_ws/install/custom_msgs:/home/sim_ws/install/racecar_simulator'}, 'shell': False}
[2.956923] (safety_controller) Command: {'cmd': ['/usr/bin/python3', '-W', 'ignore:setup.py install is deprecated', '-W', 'ignore:easy_install command is deprecated', 'setup.py', 'egg_info', '--egg-base', '../build/safety_controller', 'build', '--build-base', '/home/racecar/racecar_ws/src/lab3/build/safety_controller/build', 'install', '--record', '/home/racecar/racecar_ws/src/lab3/build/safety_controller/install.log', '--install-scripts', '$base/lib/safety_controller', '--single-version-externally-managed', 'install_data'], 'cwd': '/home/racecar/racecar_ws/src/lab3/safety_controller', 'env': {'VNCDESKTOP': 'fe8b7f4701d0:1 (racecar)', 'PYTHONIOENCODING': 'utf-8', 'HOSTNAME': 'fe8b7f4701d0', 'XDG_SESSION_TYPE': 'x11', 'SHLVL': '3', 'LD_LIBRARY_PATH': '/home/racecar/racecar_ws/install/custom_msgs/lib:/opt/ros/humble/opt/rviz_ogre_vendor/lib:/opt/ros/humble/lib/x86_64-linux-gnu:/opt/ros/humble/lib', 'HOME': '/home/racecar', 'OLDPWD': '/home/racecar/racecar_ws/src', 'ROS_PYTHON_VERSION': '3', 'COLCON_PREFIX_PATH': '/home/sim_ws/install:/home/racecar/racecar_ws/install', 'ROS_DISTRO': 'humble', 'LOGNAME': 'racecar', 'WINDOWID': '16777228', '_': '/usr/bin/colcon', 'ROS_VERSION': '2', 'XTERM_SHELL': '/bin/bash', 'XDG_SESSION_CLASS': 'user', 'TERM': 'xterm', 'ROS_LOCALHOST_ONLY': '0', 'PATH': '/opt/ros/humble/bin:/usr/local/sbin:/usr/local/bin:/usr/sbin:/usr/bin:/sbin:/bin', 'DISPLAY': ':1', 'LANG': 'en_US.UTF-8', 'AMENT_PREFIX_PATH': '/home/racecar/racecar_ws/install/wall_follower:/home/racecar/racecar_ws/install/safety_controller:/home/racecar/racecar_ws/install/ros_exercises:/home/racecar/racecar_ws/install/robot_wall_follower:/home/racecar/racecar_ws/install/py_pubsub:/home/racecar/racecar_ws/install/firstpack:/home/racecar/racecar_ws/install/custom_msgs:/home/sim_ws/install/racecar_simulator:/opt/ros/humble', 'SHELL': '/bin/bash', 'SIM_WS': '/home/sim_ws', 'PWD': '/home/racecar/racecar_ws/src/lab3/build/safety_controller', 'XTERM_LOCALE': 'en_US.UTF-8', 'XTERM_VERSION': 'XTerm(372)', 'PYTHONPATH': '/home/racecar/racecar_ws/src/lab3/build/safety_controller/prefix_override:/usr/lib/python3/dist-packages/colcon_core/task/python/colcon_distutils_commands:/home/racecar/racecar_ws/src/lab3/install/safety_controller/lib/python3.10/site-packages:/home/racecar/racecar_ws/install/wall_follower/lib/python3.10/site-packages:/home/racecar/racecar_ws/install/safety_controller/lib/python3.10/site-packages:/home/racecar/racecar_ws/install/ros_exercises/lib/python3.10/site-packages:/home/racecar/racecar_ws/install/robot_wall_follower/lib/python3.10/site-packages:/home/racecar/racecar_ws/install/py_pubsub/lib/python3.10/site-packages:/home/racecar/racecar_ws/install/firstpack/lib/python3.10/site-packages:/home/racecar/racecar_ws/install/custom_msgs/local/lib/python3.10/dist-packages:/opt/ros/humble/lib/python3.10/site-packages:/opt/ros/humble/local/lib/python3.10/dist-packages', 'NO_VNC_VERSION': '1.4.0', 'COLCON': '1', 'CMAKE_PREFIX_PATH': '/home/racecar/racecar_ws/install/custom_msgs:/home/sim_ws/install/racecar_simulator'}, 'shell': False}
[2.996444] (-) TimerEvent: {}
[3.097515] (-) TimerEvent: {}
[3.198478] (-) TimerEvent: {}
[3.299346] (-) TimerEvent: {}
[3.400388] (-) TimerEvent: {}
[3.501583] (-) TimerEvent: {}
[3.603276] (-) TimerEvent: {}
[3.631974] (robot_wall_follower) StderrLine: {'line': b"/usr/lib/python3/dist-packages/setuptools/dist.py:723: UserWarning: Usage of dash-separated 'script-dir' will not be supported in future versions. Please use the underscore name 'script_dir' instead\n"}
[3.634663] (robot_wall_follower) StderrLine: {'line': b'  warnings.warn(\n'}
[3.675684] (robot_wall_follower) StdoutLine: {'line': b'running egg_info\n'}
[3.677529] (safety_controller) StderrLine: {'line': b"/usr/lib/python3/dist-packages/setuptools/dist.py:723: UserWarning: Usage of dash-separated 'script-dir' will not be supported in future versions. Please use the underscore name 'script_dir' instead\n"}
[3.679951] (safety_controller) StderrLine: {'line': b'  warnings.warn(\n'}
[3.688870] (robot_wall_follower) StdoutLine: {'line': b'creating ../build/robot_wall_follower/robot_wall_follower.egg-info\n'}
[3.690884] (robot_wall_follower) StdoutLine: {'line': b'writing ../build/robot_wall_follower/robot_wall_follower.egg-info/PKG-INFO\n'}
[3.701414] (robot_wall_follower) StdoutLine: {'line': b'writing dependency_links to ../build/robot_wall_follower/robot_wall_follower.egg-info/dependency_links.txt\n'}
[3.705439] (-) TimerEvent: {}
[3.707944] (robot_wall_follower) StdoutLine: {'line': b'writing entry points to ../build/robot_wall_follower/robot_wall_follower.egg-info/entry_points.txt\n'}
[3.713117] (robot_wall_follower) StdoutLine: {'line': b'writing requirements to ../build/robot_wall_follower/robot_wall_follower.egg-info/requires.txt\n'}
[3.717354] (robot_wall_follower) StdoutLine: {'line': b'writing top-level names to ../build/robot_wall_follower/robot_wall_follower.egg-info/top_level.txt\n'}
[3.721993] (robot_wall_follower) StdoutLine: {'line': b"writing manifest file '../build/robot_wall_follower/robot_wall_follower.egg-info/SOURCES.txt'\n"}
[3.753677] (robot_wall_follower) StdoutLine: {'line': b"reading manifest file '../build/robot_wall_follower/robot_wall_follower.egg-info/SOURCES.txt'\n"}
[3.756503] (safety_controller) StdoutLine: {'line': b'running egg_info\n'}
[3.762597] (safety_controller) StdoutLine: {'line': b'creating ../build/safety_controller/safety_controller.egg-info\n'}
[3.768408] (safety_controller) StdoutLine: {'line': b'writing ../build/safety_controller/safety_controller.egg-info/PKG-INFO\n'}
[3.770797] (robot_wall_follower) StdoutLine: {'line': b"writing manifest file '../build/robot_wall_follower/robot_wall_follower.egg-info/SOURCES.txt'\n"}
[3.791846] (robot_wall_follower) StdoutLine: {'line': b'running build\n'}
[3.793900] (robot_wall_follower) StdoutLine: {'line': b'running build_py\n'}
[3.798062] (safety_controller) StdoutLine: {'line': b'writing dependency_links to ../build/safety_controller/safety_controller.egg-info/dependency_links.txt\n'}
[3.799998] (robot_wall_follower) StdoutLine: {'line': b'creating /home/racecar/racecar_ws/src/lab3/build/robot_wall_follower/build\n'}
[3.802814] (robot_wall_follower) StdoutLine: {'line': b'creating /home/racecar/racecar_ws/src/lab3/build/robot_wall_follower/build/lib\n'}
[3.805834] (-) TimerEvent: {}
[3.807835] (robot_wall_follower) StdoutLine: {'line': b'creating /home/racecar/racecar_ws/src/lab3/build/robot_wall_follower/build/lib/robot_wall_follower\n'}
[3.809366] (safety_controller) StdoutLine: {'line': b'writing entry points to ../build/safety_controller/safety_controller.egg-info/entry_points.txt\n'}
[3.812483] (robot_wall_follower) StdoutLine: {'line': b'copying robot_wall_follower/np_encrypt.py -> /home/racecar/racecar_ws/src/lab3/build/robot_wall_follower/build/lib/robot_wall_follower\n'}
[3.814954] (safety_controller) StdoutLine: {'line': b'writing requirements to ../build/safety_controller/safety_controller.egg-info/requires.txt\n'}
[3.818395] (safety_controller) StdoutLine: {'line': b'writing top-level names to ../build/safety_controller/safety_controller.egg-info/top_level.txt\n'}
[3.821246] (robot_wall_follower) StdoutLine: {'line': b'copying robot_wall_follower/viz_example.py -> /home/racecar/racecar_ws/src/lab3/build/robot_wall_follower/build/lib/robot_wall_follower\n'}
[3.838752] (safety_controller) StdoutLine: {'line': b"writing manifest file '../build/safety_controller/safety_controller.egg-info/SOURCES.txt'\n"}
[3.840050] (robot_wall_follower) StdoutLine: {'line': b'copying robot_wall_follower/__init__.py -> /home/racecar/racecar_ws/src/lab3/build/robot_wall_follower/build/lib/robot_wall_follower\n'}
[3.841588] (robot_wall_follower) StdoutLine: {'line': b'copying robot_wall_follower/robot_wall_follower.py -> /home/racecar/racecar_ws/src/lab3/build/robot_wall_follower/build/lib/robot_wall_follower\n'}
[3.847312] (robot_wall_follower) StdoutLine: {'line': b'copying robot_wall_follower/test_wall_follower.py -> /home/racecar/racecar_ws/src/lab3/build/robot_wall_follower/build/lib/robot_wall_follower\n'}
[3.851162] (safety_controller) StdoutLine: {'line': b"reading manifest file '../build/safety_controller/safety_controller.egg-info/SOURCES.txt'\n"}
[3.858512] (robot_wall_follower) StdoutLine: {'line': b'copying robot_wall_follower/visualization_tools.py -> /home/racecar/racecar_ws/src/lab3/build/robot_wall_follower/build/lib/robot_wall_follower\n'}
[3.863207] (safety_controller) StdoutLine: {'line': b"writing manifest file '../build/safety_controller/safety_controller.egg-info/SOURCES.txt'\n"}
[3.866233] (safety_controller) StdoutLine: {'line': b'running build\n'}
[3.868051] (safety_controller) StdoutLine: {'line': b'running build_py\n'}
[3.869443] (robot_wall_follower) StdoutLine: {'line': b'running install\n'}
[3.871835] (robot_wall_follower) StdoutLine: {'line': b'running install_lib\n'}
[3.873440] (safety_controller) StdoutLine: {'line': b'creating /home/racecar/racecar_ws/src/lab3/build/safety_controller/build\n'}
[3.891844] (safety_controller) StdoutLine: {'line': b'creating /home/racecar/racecar_ws/src/lab3/build/safety_controller/build/lib\n'}
[3.894102] (safety_controller) StdoutLine: {'line': b'creating /home/racecar/racecar_ws/src/lab3/build/safety_controller/build/lib/safety_controller\n'}
[3.898265] (safety_controller) StdoutLine: {'line': b'copying safety_controller/__init__.py -> /home/racecar/racecar_ws/src/lab3/build/safety_controller/build/lib/safety_controller\n'}
[3.903005] (robot_wall_follower) StdoutLine: {'line': b'creating /home/racecar/racecar_ws/src/lab3/install/robot_wall_follower/lib/python3.10/site-packages/robot_wall_follower\n'}
[3.904732] (robot_wall_follower) StdoutLine: {'line': b'copying /home/racecar/racecar_ws/src/lab3/build/robot_wall_follower/build/lib/robot_wall_follower/np_encrypt.py -> /home/racecar/racecar_ws/src/lab3/install/robot_wall_follower/lib/python3.10/site-packages/robot_wall_follower\n'}
[3.906605] (-) TimerEvent: {}
[3.907078] (safety_controller) StdoutLine: {'line': b'copying safety_controller/safety_controller.py -> /home/racecar/racecar_ws/src/lab3/build/safety_controller/build/lib/safety_controller\n'}
[3.938121] (safety_controller) StdoutLine: {'line': b'running install\n'}
[3.940393] (robot_wall_follower) StdoutLine: {'line': b'copying /home/racecar/racecar_ws/src/lab3/build/robot_wall_follower/build/lib/robot_wall_follower/viz_example.py -> /home/racecar/racecar_ws/src/lab3/install/robot_wall_follower/lib/python3.10/site-packages/robot_wall_follower\n'}
[3.942670] (safety_controller) StdoutLine: {'line': b'running install_lib\n'}
[3.947411] (safety_controller) StdoutLine: {'line': b'creating /home/racecar/racecar_ws/src/lab3/install/safety_controller/lib/python3.10/site-packages/safety_controller\n'}
[3.955490] (robot_wall_follower) StdoutLine: {'line': b'copying /home/racecar/racecar_ws/src/lab3/build/robot_wall_follower/build/lib/robot_wall_follower/__init__.py -> /home/racecar/racecar_ws/src/lab3/install/robot_wall_follower/lib/python3.10/site-packages/robot_wall_follower\n'}
[3.959875] (safety_controller) StdoutLine: {'line': b'copying /home/racecar/racecar_ws/src/lab3/build/safety_controller/build/lib/safety_controller/__init__.py -> /home/racecar/racecar_ws/src/lab3/install/safety_controller/lib/python3.10/site-packages/safety_controller\n'}
[3.967521] (robot_wall_follower) StdoutLine: {'line': b'copying /home/racecar/racecar_ws/src/lab3/build/robot_wall_follower/build/lib/robot_wall_follower/robot_wall_follower.py -> /home/racecar/racecar_ws/src/lab3/install/robot_wall_follower/lib/python3.10/site-packages/robot_wall_follower\n'}
[3.995004] (safety_controller) StdoutLine: {'line': b'copying /home/racecar/racecar_ws/src/lab3/build/safety_controller/build/lib/safety_controller/safety_controller.py -> /home/racecar/racecar_ws/src/lab3/install/safety_controller/lib/python3.10/site-packages/safety_controller\n'}
[3.998995] (robot_wall_follower) StdoutLine: {'line': b'copying /home/racecar/racecar_ws/src/lab3/build/robot_wall_follower/build/lib/robot_wall_follower/test_wall_follower.py -> /home/racecar/racecar_ws/src/lab3/install/robot_wall_follower/lib/python3.10/site-packages/robot_wall_follower\n'}
[4.007039] (-) TimerEvent: {}
[4.009401] (safety_controller) StdoutLine: {'line': b'byte-compiling /home/racecar/racecar_ws/src/lab3/install/safety_controller/lib/python3.10/site-packages/safety_controller/__init__.py to __init__.cpython-310.pyc\n'}
[4.019202] (robot_wall_follower) StdoutLine: {'line': b'copying /home/racecar/racecar_ws/src/lab3/build/robot_wall_follower/build/lib/robot_wall_follower/visualization_tools.py -> /home/racecar/racecar_ws/src/lab3/install/robot_wall_follower/lib/python3.10/site-packages/robot_wall_follower\n'}
[4.050106] (safety_controller) StdoutLine: {'line': b'byte-compiling /home/racecar/racecar_ws/src/lab3/install/safety_controller/lib/python3.10/site-packages/safety_controller/safety_controller.py to safety_controller.cpython-310.pyc\n'}
[4.063817] (robot_wall_follower) StdoutLine: {'line': b'byte-compiling /home/racecar/racecar_ws/src/lab3/install/robot_wall_follower/lib/python3.10/site-packages/robot_wall_follower/np_encrypt.py to np_encrypt.cpython-310.pyc\n'}
[4.092940] (safety_controller) StdoutLine: {'line': b'running install_data\n'}
[4.098126] (safety_controller) StdoutLine: {'line': b'creating /home/racecar/racecar_ws/src/lab3/install/safety_controller/share/ament_index\n'}
[4.106460] (robot_wall_follower) StdoutLine: {'line': b'byte-compiling /home/racecar/racecar_ws/src/lab3/install/robot_wall_follower/lib/python3.10/site-packages/robot_wall_follower/viz_example.py to viz_example.cpython-310.pyc\n'}
[4.113259] (-) TimerEvent: {}
[4.114119] (safety_controller) StdoutLine: {'line': b'creating /home/racecar/racecar_ws/src/lab3/install/safety_controller/share/ament_index/resource_index\n'}
[4.120981] (safety_controller) StdoutLine: {'line': b'creating /home/racecar/racecar_ws/src/lab3/install/safety_controller/share/ament_index/resource_index/packages\n'}
[4.122932] (safety_controller) StdoutLine: {'line': b'copying resource/safety_controller -> /home/racecar/racecar_ws/src/lab3/install/safety_controller/share/ament_index/resource_index/packages\n'}
[4.139019] (robot_wall_follower) StdoutLine: {'line': b'byte-compiling /home/racecar/racecar_ws/src/lab3/install/robot_wall_follower/lib/python3.10/site-packages/robot_wall_follower/__init__.py to __init__.cpython-310.pyc\n'}
[4.148835] (safety_controller) StdoutLine: {'line': b'copying package.xml -> /home/racecar/racecar_ws/src/lab3/install/safety_controller/share/safety_controller\n'}
[4.152851] (robot_wall_follower) StdoutLine: {'line': b'byte-compiling /home/racecar/racecar_ws/src/lab3/install/robot_wall_follower/lib/python3.10/site-packages/robot_wall_follower/robot_wall_follower.py to robot_wall_follower.cpython-310.pyc\n'}
[4.159154] (safety_controller) StdoutLine: {'line': b'creating /home/racecar/racecar_ws/src/lab3/install/safety_controller/share/safety_controller/launch\n'}
[4.161559] (safety_controller) StdoutLine: {'line': b'copying launch/safety_controller.launch.py -> /home/racecar/racecar_ws/src/lab3/install/safety_controller/share/safety_controller/launch\n'}
[4.171337] (safety_controller) StdoutLine: {'line': b'creating /home/racecar/racecar_ws/src/lab3/install/safety_controller/share/safety_controller/config\n'}
[4.177739] (robot_wall_follower) StdoutLine: {'line': b'byte-compiling /home/racecar/racecar_ws/src/lab3/install/robot_wall_follower/lib/python3.10/site-packages/robot_wall_follower/test_wall_follower.py to test_wall_follower.cpython-310.pyc\n'}
[4.192418] (safety_controller) StdoutLine: {'line': b'copying config/safety_controller_params.yaml -> /home/racecar/racecar_ws/src/lab3/install/safety_controller/share/safety_controller/config\n'}
[4.195377] (safety_controller) StdoutLine: {'line': b'running install_egg_info\n'}
[4.200599] (safety_controller) StdoutLine: {'line': b'Copying ../build/safety_controller/safety_controller.egg-info to /home/racecar/racecar_ws/src/lab3/install/safety_controller/lib/python3.10/site-packages/safety_controller-0.0.1-py3.10.egg-info\n'}
[4.203196] (robot_wall_follower) StdoutLine: {'line': b'byte-compiling /home/racecar/racecar_ws/src/lab3/install/robot_wall_follower/lib/python3.10/site-packages/robot_wall_follower/visualization_tools.py to visualization_tools.cpython-310.pyc\n'}
[4.220138] (-) TimerEvent: {}
[4.245146] (robot_wall_follower) StdoutLine: {'line': b'running install_data\n'}
[4.247211] (robot_wall_follower) StdoutLine: {'line': b'copying package.xml -> /home/racecar/racecar_ws/src/lab3/install/robot_wall_follower/share/robot_wall_follower\n'}
[4.257822] (robot_wall_follower) StdoutLine: {'line': b'copying robot_wall_follower/params.yaml -> /home/racecar/racecar_ws/src/lab3/install/robot_wall_follower/share/robot_wall_follower\n'}
[4.277112] (robot_wall_follower) StdoutLine: {'line': b'creating /home/racecar/racecar_ws/src/lab3/install/robot_wall_follower/share/ament_index\n'}
[4.289229] (robot_wall_follower) StdoutLine: {'line': b'creating /home/racecar/racecar_ws/src/lab3/install/robot_wall_follower/share/ament_index/resource_index\n'}
[4.292868] (robot_wall_follower) StdoutLine: {'line': b'creating /home/racecar/racecar_ws/src/lab3/install/robot_wall_follower/share/ament_index/resource_index/packages\n'}
[4.295353] (robot_wall_follower) StdoutLine: {'line': b'copying resource/robot_wall_follower -> /home/racecar/racecar_ws/src/lab3/install/robot_wall_follower/share/ament_index/resource_index/packages\n'}
[4.305257] (robot_wall_follower) StdoutLine: {'line': b'creating /home/racecar/racecar_ws/src/lab3/install/robot_wall_follower/share/robot_wall_follower/launch\n'}
[4.310675] (robot_wall_follower) StdoutLine: {'line': b'copying launch/wall_follower.launch.xml -> /home/racecar/racecar_ws/src/lab3/install/robot_wall_follower/share/robot_wall_follower/launch\n'}
[4.321488] (-) TimerEvent: {}
[4.343554] (robot_wall_follower) StdoutLine: {'line': b'copying launch/launch_test.launch.py -> /home/racecar/racecar_ws/src/lab3/install/robot_wall_follower/share/robot_wall_follower/launch\n'}
[4.358768] (robot_wall_follower) StdoutLine: {'line': b'copying launch/launch_test_sim.launch.py -> /home/racecar/racecar_ws/src/lab3/install/robot_wall_follower/share/robot_wall_follower/launch\n'}
[4.364735] (safety_controller) StdoutLine: {'line': b'running install_scripts\n'}
[4.370476] (robot_wall_follower) StdoutLine: {'line': b'running install_egg_info\n'}
[4.377214] (robot_wall_follower) StdoutLine: {'line': b'Copying ../build/robot_wall_follower/robot_wall_follower.egg-info to /home/racecar/racecar_ws/src/lab3/install/robot_wall_follower/lib/python3.10/site-packages/robot_wall_follower-0.0.0-py3.10.egg-info\n'}
[4.422456] (-) TimerEvent: {}
[4.442235] (safety_controller) StdoutLine: {'line': b'Installing safety_controller_node script to /home/racecar/racecar_ws/src/lab3/install/safety_controller/lib/safety_controller\n'}
[4.454778] (safety_controller) StdoutLine: {'line': b"writing list of installed files to '/home/racecar/racecar_ws/src/lab3/build/safety_controller/install.log'\n"}
[4.502660] (safety_controller) CommandEnded: {'returncode': 0}
[4.506961] (robot_wall_follower) StdoutLine: {'line': b'running install_scripts\n'}
[4.523470] (-) TimerEvent: {}
[4.574643] (robot_wall_follower) StdoutLine: {'line': b'Installing robot_wall_follower script to /home/racecar/racecar_ws/src/lab3/install/robot_wall_follower/lib/robot_wall_follower\n'}
[4.598138] (robot_wall_follower) StdoutLine: {'line': b'Installing test_wall_follower script to /home/racecar/racecar_ws/src/lab3/install/robot_wall_follower/lib/robot_wall_follower\n'}
[4.605169] (robot_wall_follower) StdoutLine: {'line': b'Installing viz_example script to /home/racecar/racecar_ws/src/lab3/install/robot_wall_follower/lib/robot_wall_follower\n'}
[4.614227] (robot_wall_follower) StdoutLine: {'line': b"writing list of installed files to '/home/racecar/racecar_ws/src/lab3/build/robot_wall_follower/install.log'\n"}
[4.626589] (-) TimerEvent: {}
[4.706115] (safety_controller) JobEnded: {'identifier': 'safety_controller', 'rc': 0}
[4.717389] (robot_wall_follower) CommandEnded: {'returncode': 0}
[4.727520] (-) TimerEvent: {}
[4.829562] (-) TimerEvent: {}
[4.891182] (robot_wall_follower) JobEnded: {'identifier': 'robot_wall_follower', 'rc': 0}
[4.900774] (-) EventReactorShutdown: {}
