/usr/lib/python3/dist-packages/setuptools/dist.py:723: UserWarning: Usage of dash-separated 'script-dir' will not be supported in future versions. Please use the underscore name 'script_dir' instead
  warnings.warn(
running egg_info
creating ../build/robot_wall_follower/robot_wall_follower.egg-info
writing ../build/robot_wall_follower/robot_wall_follower.egg-info/PKG-INFO
writing dependency_links to ../build/robot_wall_follower/robot_wall_follower.egg-info/dependency_links.txt
writing entry points to ../build/robot_wall_follower/robot_wall_follower.egg-info/entry_points.txt
writing requirements to ../build/robot_wall_follower/robot_wall_follower.egg-info/requires.txt
writing top-level names to ../build/robot_wall_follower/robot_wall_follower.egg-info/top_level.txt
writing manifest file '../build/robot_wall_follower/robot_wall_follower.egg-info/SOURCES.txt'
reading manifest file '../build/robot_wall_follower/robot_wall_follower.egg-info/SOURCES.txt'
writing manifest file '../build/robot_wall_follower/robot_wall_follower.egg-info/SOURCES.txt'
running build
running build_py
creating /home/racecar/racecar_ws/src/lab3/build/robot_wall_follower/build
creating /home/racecar/racecar_ws/src/lab3/build/robot_wall_follower/build/lib
creating /home/racecar/racecar_ws/src/lab3/build/robot_wall_follower/build/lib/robot_wall_follower
copying robot_wall_follower/np_encrypt.py -> /home/racecar/racecar_ws/src/lab3/build/robot_wall_follower/build/lib/robot_wall_follower
copying robot_wall_follower/viz_example.py -> /home/racecar/racecar_ws/src/lab3/build/robot_wall_follower/build/lib/robot_wall_follower
copying robot_wall_follower/__init__.py -> /home/racecar/racecar_ws/src/lab3/build/robot_wall_follower/build/lib/robot_wall_follower
copying robot_wall_follower/robot_wall_follower.py -> /home/racecar/racecar_ws/src/lab3/build/robot_wall_follower/build/lib/robot_wall_follower
copying robot_wall_follower/test_wall_follower.py -> /home/racecar/racecar_ws/src/lab3/build/robot_wall_follower/build/lib/robot_wall_follower
copying robot_wall_follower/visualization_tools.py -> /home/racecar/racecar_ws/src/lab3/build/robot_wall_follower/build/lib/robot_wall_follower
running install
running install_lib
creating /home/racecar/racecar_ws/src/lab3/install/robot_wall_follower/lib/python3.10/site-packages/robot_wall_follower
copying /home/racecar/racecar_ws/src/lab3/build/robot_wall_follower/build/lib/robot_wall_follower/np_encrypt.py -> /home/racecar/racecar_ws/src/lab3/install/robot_wall_follower/lib/python3.10/site-packages/robot_wall_follower
copying /home/racecar/racecar_ws/src/lab3/build/robot_wall_follower/build/lib/robot_wall_follower/viz_example.py -> /home/racecar/racecar_ws/src/lab3/install/robot_wall_follower/lib/python3.10/site-packages/robot_wall_follower
copying /home/racecar/racecar_ws/src/lab3/build/robot_wall_follower/build/lib/robot_wall_follower/__init__.py -> /home/racecar/racecar_ws/src/lab3/install/robot_wall_follower/lib/python3.10/site-packages/robot_wall_follower
copying /home/racecar/racecar_ws/src/lab3/build/robot_wall_follower/build/lib/robot_wall_follower/robot_wall_follower.py -> /home/racecar/racecar_ws/src/lab3/install/robot_wall_follower/lib/python3.10/site-packages/robot_wall_follower
copying /home/racecar/racecar_ws/src/lab3/build/robot_wall_follower/build/lib/robot_wall_follower/test_wall_follower.py -> /home/racecar/racecar_ws/src/lab3/install/robot_wall_follower/lib/python3.10/site-packages/robot_wall_follower
copying /home/racecar/racecar_ws/src/lab3/build/robot_wall_follower/build/lib/robot_wall_follower/visualization_tools.py -> /home/racecar/racecar_ws/src/lab3/install/robot_wall_follower/lib/python3.10/site-packages/robot_wall_follower
byte-compiling /home/racecar/racecar_ws/src/lab3/install/robot_wall_follower/lib/python3.10/site-packages/robot_wall_follower/np_encrypt.py to np_encrypt.cpython-310.pyc
byte-compiling /home/racecar/racecar_ws/src/lab3/install/robot_wall_follower/lib/python3.10/site-packages/robot_wall_follower/viz_example.py to viz_example.cpython-310.pyc
byte-compiling /home/racecar/racecar_ws/src/lab3/install/robot_wall_follower/lib/python3.10/site-packages/robot_wall_follower/__init__.py to __init__.cpython-310.pyc
byte-compiling /home/racecar/racecar_ws/src/lab3/install/robot_wall_follower/lib/python3.10/site-packages/robot_wall_follower/robot_wall_follower.py to robot_wall_follower.cpython-310.pyc
byte-compiling /home/racecar/racecar_ws/src/lab3/install/robot_wall_follower/lib/python3.10/site-packages/robot_wall_follower/test_wall_follower.py to test_wall_follower.cpython-310.pyc
byte-compiling /home/racecar/racecar_ws/src/lab3/install/robot_wall_follower/lib/python3.10/site-packages/robot_wall_follower/visualization_tools.py to visualization_tools.cpython-310.pyc
running install_data
copying package.xml -> /home/racecar/racecar_ws/src/lab3/install/robot_wall_follower/share/robot_wall_follower
copying robot_wall_follower/params.yaml -> /home/racecar/racecar_ws/src/lab3/install/robot_wall_follower/share/robot_wall_follower
creating /home/racecar/racecar_ws/src/lab3/install/robot_wall_follower/share/ament_index
creating /home/racecar/racecar_ws/src/lab3/install/robot_wall_follower/share/ament_index/resource_index
creating /home/racecar/racecar_ws/src/lab3/install/robot_wall_follower/share/ament_index/resource_index/packages
copying resource/robot_wall_follower -> /home/racecar/racecar_ws/src/lab3/install/robot_wall_follower/share/ament_index/resource_index/packages
creating /home/racecar/racecar_ws/src/lab3/install/robot_wall_follower/share/robot_wall_follower/launch
copying launch/wall_follower.launch.xml -> /home/racecar/racecar_ws/src/lab3/install/robot_wall_follower/share/robot_wall_follower/launch
copying launch/launch_test.launch.py -> /home/racecar/racecar_ws/src/lab3/install/robot_wall_follower/share/robot_wall_follower/launch
copying launch/launch_test_sim.launch.py -> /home/racecar/racecar_ws/src/lab3/install/robot_wall_follower/share/robot_wall_follower/launch
running install_egg_info
Copying ../build/robot_wall_follower/robot_wall_follower.egg-info to /home/racecar/racecar_ws/src/lab3/install/robot_wall_follower/lib/python3.10/site-packages/robot_wall_follower-0.0.0-py3.10.egg-info
running install_scripts
Installing robot_wall_follower script to /home/racecar/racecar_ws/src/lab3/install/robot_wall_follower/lib/robot_wall_follower
Installing test_wall_follower script to /home/racecar/racecar_ws/src/lab3/install/robot_wall_follower/lib/robot_wall_follower
Installing viz_example script to /home/racecar/racecar_ws/src/lab3/install/robot_wall_follower/lib/robot_wall_follower
writing list of installed files to '/home/racecar/racecar_ws/src/lab3/build/robot_wall_follower/install.log'
