[2.942s] Invoking command in '/home/racecar/racecar_ws/src/lab3/wall_follower_sim': PYTHONPATH=/home/racecar/racecar_ws/src/lab3/build/robot_wall_follower/prefix_override:/usr/lib/python3/dist-packages/colcon_core/task/python/colcon_distutils_commands:/home/racecar/racecar_ws/src/lab3/install/robot_wall_follower/lib/python3.10/site-packages:${PYTHONPATH} /usr/bin/python3 -W ignore:setup.py install is deprecated -W ignore:easy_install command is deprecated setup.py egg_info --egg-base ../build/robot_wall_follower build --build-base /home/racecar/racecar_ws/src/lab3/build/robot_wall_follower/build install --record /home/racecar/racecar_ws/src/lab3/build/robot_wall_follower/install.log --install-scripts $base/lib/robot_wall_follower --single-version-externally-managed install_data
[3.631s] /usr/lib/python3/dist-packages/setuptools/dist.py:723: UserWarning: Usage of dash-separated 'script-dir' will not be supported in future versions. Please use the underscore name 'script_dir' instead
[3.634s]   warnings.warn(
[3.674s] running egg_info
[3.687s] creating ../build/robot_wall_follower/robot_wall_follower.egg-info
[3.696s] writing ../build/robot_wall_follower/robot_wall_follower.egg-info/PKG-INFO
[3.702s] writing dependency_links to ../build/robot_wall_follower/robot_wall_follower.egg-info/dependency_links.txt
[3.708s] writing entry points to ../build/robot_wall_follower/robot_wall_follower.egg-info/entry_points.txt
[3.713s] writing requirements to ../build/robot_wall_follower/robot_wall_follower.egg-info/requires.txt
[3.717s] writing top-level names to ../build/robot_wall_follower/robot_wall_follower.egg-info/top_level.txt
[3.736s] writing manifest file '../build/robot_wall_follower/robot_wall_follower.egg-info/SOURCES.txt'
[3.752s] reading manifest file '../build/robot_wall_follower/robot_wall_follower.egg-info/SOURCES.txt'
[3.788s] writing manifest file '../build/robot_wall_follower/robot_wall_follower.egg-info/SOURCES.txt'
[3.790s] running build
[3.795s] running build_py
[3.799s] creating /home/racecar/racecar_ws/src/lab3/build/robot_wall_follower/build
[3.802s] creating /home/racecar/racecar_ws/src/lab3/build/robot_wall_follower/build/lib
[3.806s] creating /home/racecar/racecar_ws/src/lab3/build/robot_wall_follower/build/lib/robot_wall_follower
[3.812s] copying robot_wall_follower/np_encrypt.py -> /home/racecar/racecar_ws/src/lab3/build/robot_wall_follower/build/lib/robot_wall_follower
[3.835s] copying robot_wall_follower/viz_example.py -> /home/racecar/racecar_ws/src/lab3/build/robot_wall_follower/build/lib/robot_wall_follower
[3.838s] copying robot_wall_follower/__init__.py -> /home/racecar/racecar_ws/src/lab3/build/robot_wall_follower/build/lib/robot_wall_follower
[3.840s] copying robot_wall_follower/robot_wall_follower.py -> /home/racecar/racecar_ws/src/lab3/build/robot_wall_follower/build/lib/robot_wall_follower
[3.847s] copying robot_wall_follower/test_wall_follower.py -> /home/racecar/racecar_ws/src/lab3/build/robot_wall_follower/build/lib/robot_wall_follower
[3.857s] copying robot_wall_follower/visualization_tools.py -> /home/racecar/racecar_ws/src/lab3/build/robot_wall_follower/build/lib/robot_wall_follower
[3.868s] running install
[3.870s] running install_lib
[3.901s] creating /home/racecar/racecar_ws/src/lab3/install/robot_wall_follower/lib/python3.10/site-packages/robot_wall_follower
[3.903s] copying /home/racecar/racecar_ws/src/lab3/build/robot_wall_follower/build/lib/robot_wall_follower/np_encrypt.py -> /home/racecar/racecar_ws/src/lab3/install/robot_wall_follower/lib/python3.10/site-packages/robot_wall_follower
[3.939s] copying /home/racecar/racecar_ws/src/lab3/build/robot_wall_follower/build/lib/robot_wall_follower/viz_example.py -> /home/racecar/racecar_ws/src/lab3/install/robot_wall_follower/lib/python3.10/site-packages/robot_wall_follower
[3.956s] copying /home/racecar/racecar_ws/src/lab3/build/robot_wall_follower/build/lib/robot_wall_follower/__init__.py -> /home/racecar/racecar_ws/src/lab3/install/robot_wall_follower/lib/python3.10/site-packages/robot_wall_follower
[3.990s] copying /home/racecar/racecar_ws/src/lab3/build/robot_wall_follower/build/lib/robot_wall_follower/robot_wall_follower.py -> /home/racecar/racecar_ws/src/lab3/install/robot_wall_follower/lib/python3.10/site-packages/robot_wall_follower
[4.003s] copying /home/racecar/racecar_ws/src/lab3/build/robot_wall_follower/build/lib/robot_wall_follower/test_wall_follower.py -> /home/racecar/racecar_ws/src/lab3/install/robot_wall_follower/lib/python3.10/site-packages/robot_wall_follower
[4.040s] copying /home/racecar/racecar_ws/src/lab3/build/robot_wall_follower/build/lib/robot_wall_follower/visualization_tools.py -> /home/racecar/racecar_ws/src/lab3/install/robot_wall_follower/lib/python3.10/site-packages/robot_wall_follower
[4.086s] byte-compiling /home/racecar/racecar_ws/src/lab3/install/robot_wall_follower/lib/python3.10/site-packages/robot_wall_follower/np_encrypt.py to np_encrypt.cpython-310.pyc
[4.105s] byte-compiling /home/racecar/racecar_ws/src/lab3/install/robot_wall_follower/lib/python3.10/site-packages/robot_wall_follower/viz_example.py to viz_example.cpython-310.pyc
[4.145s] byte-compiling /home/racecar/racecar_ws/src/lab3/install/robot_wall_follower/lib/python3.10/site-packages/robot_wall_follower/__init__.py to __init__.cpython-310.pyc
[4.156s] byte-compiling /home/racecar/racecar_ws/src/lab3/install/robot_wall_follower/lib/python3.10/site-packages/robot_wall_follower/robot_wall_follower.py to robot_wall_follower.cpython-310.pyc
[4.189s] byte-compiling /home/racecar/racecar_ws/src/lab3/install/robot_wall_follower/lib/python3.10/site-packages/robot_wall_follower/test_wall_follower.py to test_wall_follower.cpython-310.pyc
[4.212s] byte-compiling /home/racecar/racecar_ws/src/lab3/install/robot_wall_follower/lib/python3.10/site-packages/robot_wall_follower/visualization_tools.py to visualization_tools.cpython-310.pyc
[4.244s] running install_data
[4.250s] copying package.xml -> /home/racecar/racecar_ws/src/lab3/install/robot_wall_follower/share/robot_wall_follower
[4.256s] copying robot_wall_follower/params.yaml -> /home/racecar/racecar_ws/src/lab3/install/robot_wall_follower/share/robot_wall_follower
[4.277s] creating /home/racecar/racecar_ws/src/lab3/install/robot_wall_follower/share/ament_index
[4.289s] creating /home/racecar/racecar_ws/src/lab3/install/robot_wall_follower/share/ament_index/resource_index
[4.292s] creating /home/racecar/racecar_ws/src/lab3/install/robot_wall_follower/share/ament_index/resource_index/packages
[4.294s] copying resource/robot_wall_follower -> /home/racecar/racecar_ws/src/lab3/install/robot_wall_follower/share/ament_index/resource_index/packages
[4.307s] creating /home/racecar/racecar_ws/src/lab3/install/robot_wall_follower/share/robot_wall_follower/launch
[4.312s] copying launch/wall_follower.launch.xml -> /home/racecar/racecar_ws/src/lab3/install/robot_wall_follower/share/robot_wall_follower/launch
[4.345s] copying launch/launch_test.launch.py -> /home/racecar/racecar_ws/src/lab3/install/robot_wall_follower/share/robot_wall_follower/launch
[4.357s] copying launch/launch_test_sim.launch.py -> /home/racecar/racecar_ws/src/lab3/install/robot_wall_follower/share/robot_wall_follower/launch
[4.369s] running install_egg_info
[4.375s] Copying ../build/robot_wall_follower/robot_wall_follower.egg-info to /home/racecar/racecar_ws/src/lab3/install/robot_wall_follower/lib/python3.10/site-packages/robot_wall_follower-0.0.0-py3.10.egg-info
[4.505s] running install_scripts
[4.588s] Installing robot_wall_follower script to /home/racecar/racecar_ws/src/lab3/install/robot_wall_follower/lib/robot_wall_follower
[4.597s] Installing test_wall_follower script to /home/racecar/racecar_ws/src/lab3/install/robot_wall_follower/lib/robot_wall_follower
[4.606s] Installing viz_example script to /home/racecar/racecar_ws/src/lab3/install/robot_wall_follower/lib/robot_wall_follower
[4.614s] writing list of installed files to '/home/racecar/racecar_ws/src/lab3/build/robot_wall_follower/install.log'
[4.719s] Invoked command in '/home/racecar/racecar_ws/src/lab3/wall_follower_sim' returned '0': PYTHONPATH=/home/racecar/racecar_ws/src/lab3/build/robot_wall_follower/prefix_override:/usr/lib/python3/dist-packages/colcon_core/task/python/colcon_distutils_commands:/home/racecar/racecar_ws/src/lab3/install/robot_wall_follower/lib/python3.10/site-packages:${PYTHONPATH} /usr/bin/python3 -W ignore:setup.py install is deprecated -W ignore:easy_install command is deprecated setup.py egg_info --egg-base ../build/robot_wall_follower build --build-base /home/racecar/racecar_ws/src/lab3/build/robot_wall_follower/build install --record /home/racecar/racecar_ws/src/lab3/build/robot_wall_follower/install.log --install-scripts $base/lib/robot_wall_follower --single-version-externally-managed install_data
