/home/racecar/racecar_ws/src/lab3/install/robot_wall_follower/lib/python3.10/site-packages/robot_wall_follower/np_encrypt.py
/home/racecar/racecar_ws/src/lab3/install/robot_wall_follower/lib/python3.10/site-packages/robot_wall_follower/viz_example.py
/home/racecar/racecar_ws/src/lab3/install/robot_wall_follower/lib/python3.10/site-packages/robot_wall_follower/__init__.py
/home/racecar/racecar_ws/src/lab3/install/robot_wall_follower/lib/python3.10/site-packages/robot_wall_follower/robot_wall_follower.py
/home/racecar/racecar_ws/src/lab3/install/robot_wall_follower/lib/python3.10/site-packages/robot_wall_follower/test_wall_follower.py
/home/racecar/racecar_ws/src/lab3/install/robot_wall_follower/lib/python3.10/site-packages/robot_wall_follower/visualization_tools.py
/home/racecar/racecar_ws/src/lab3/install/robot_wall_follower/lib/python3.10/site-packages/robot_wall_follower/__pycache__/np_encrypt.cpython-310.pyc
/home/racecar/racecar_ws/src/lab3/install/robot_wall_follower/lib/python3.10/site-packages/robot_wall_follower/__pycache__/viz_example.cpython-310.pyc
/home/racecar/racecar_ws/src/lab3/install/robot_wall_follower/lib/python3.10/site-packages/robot_wall_follower/__pycache__/__init__.cpython-310.pyc
/home/racecar/racecar_ws/src/lab3/install/robot_wall_follower/lib/python3.10/site-packages/robot_wall_follower/__pycache__/robot_wall_follower.cpython-310.pyc
/home/racecar/racecar_ws/src/lab3/install/robot_wall_follower/lib/python3.10/site-packages/robot_wall_follower/__pycache__/test_wall_follower.cpython-310.pyc
/home/racecar/racecar_ws/src/lab3/install/robot_wall_follower/lib/python3.10/site-packages/robot_wall_follower/__pycache__/visualization_tools.cpython-310.pyc
/home/racecar/racecar_ws/src/lab3/install/robot_wall_follower/share/robot_wall_follower/package.xml
/home/racecar/racecar_ws/src/lab3/install/robot_wall_follower/share/robot_wall_follower/params.yaml
/home/racecar/racecar_ws/src/lab3/install/robot_wall_follower/share/ament_index/resource_index/packages/robot_wall_follower
/home/racecar/racecar_ws/src/lab3/install/robot_wall_follower/share/robot_wall_follower/launch/wall_follower.launch.xml
/home/racecar/racecar_ws/src/lab3/install/robot_wall_follower/share/robot_wall_follower/launch/launch_test.launch.py
/home/racecar/racecar_ws/src/lab3/install/robot_wall_follower/share/robot_wall_follower/launch/launch_test_sim.launch.py
/home/racecar/racecar_ws/src/lab3/install/robot_wall_follower/lib/python3.10/site-packages/robot_wall_follower-0.0.0-py3.10.egg-info/PKG-INFO
/home/racecar/racecar_ws/src/lab3/install/robot_wall_follower/lib/python3.10/site-packages/robot_wall_follower-0.0.0-py3.10.egg-info/zip-safe
/home/racecar/racecar_ws/src/lab3/install/robot_wall_follower/lib/python3.10/site-packages/robot_wall_follower-0.0.0-py3.10.egg-info/SOURCES.txt
/home/racecar/racecar_ws/src/lab3/install/robot_wall_follower/lib/python3.10/site-packages/robot_wall_follower-0.0.0-py3.10.egg-info/entry_points.txt
/home/racecar/racecar_ws/src/lab3/install/robot_wall_follower/lib/python3.10/site-packages/robot_wall_follower-0.0.0-py3.10.egg-info/requires.txt
/home/racecar/racecar_ws/src/lab3/install/robot_wall_follower/lib/python3.10/site-packages/robot_wall_follower-0.0.0-py3.10.egg-info/top_level.txt
/home/racecar/racecar_ws/src/lab3/install/robot_wall_follower/lib/python3.10/site-packages/robot_wall_follower-0.0.0-py3.10.egg-info/dependency_links.txt
/home/racecar/racecar_ws/src/lab3/install/robot_wall_follower/lib/robot_wall_follower/robot_wall_follower
/home/racecar/racecar_ws/src/lab3/install/robot_wall_follower/lib/robot_wall_follower/test_wall_follower
/home/racecar/racecar_ws/src/lab3/install/robot_wall_follower/lib/robot_wall_follower/viz_example
