/usr/lib/python3/dist-packages/setuptools/dist.py:723: UserWarning: Usage of dash-separated 'script-dir' will not be supported in future versions. Please use the underscore name 'script_dir' instead
  warnings.warn(
running develop
running egg_info
creating robot_wall_follower.egg-info
writing robot_wall_follower.egg-info/PKG-INFO
writing dependency_links to robot_wall_follower.egg-info/dependency_links.txt
writing entry points to robot_wall_follower.egg-info/entry_points.txt
writing requirements to robot_wall_follower.egg-info/requires.txt
writing top-level names to robot_wall_follower.egg-info/top_level.txt
writing manifest file 'robot_wall_follower.egg-info/SOURCES.txt'
reading manifest file 'robot_wall_follower.egg-info/SOURCES.txt'
writing manifest file 'robot_wall_follower.egg-info/SOURCES.txt'
running build_ext
Creating /home/racecar/racecar_ws/src/team13/lab3/install/robot_wall_follower/lib/python3.10/site-packages/robot-wall-follower.egg-link (link to .)
Installing robot_wall_follower script to /home/racecar/racecar_ws/src/team13/lab3/install/robot_wall_follower/lib/robot_wall_follower
Installing test_wall_follower script to /home/racecar/racecar_ws/src/team13/lab3/install/robot_wall_follower/lib/robot_wall_follower
Installing viz_example script to /home/racecar/racecar_ws/src/team13/lab3/install/robot_wall_follower/lib/robot_wall_follower

Installed /home/racecar/racecar_ws/src/team13/lab3/build/robot_wall_follower
running symlink_data
symbolically linking /home/racecar/racecar_ws/src/team13/lab3/build/robot_wall_follower/package.xml -> /home/racecar/racecar_ws/src/team13/lab3/install/robot_wall_follower/share/robot_wall_follower
symbolically linking /home/racecar/racecar_ws/src/team13/lab3/build/robot_wall_follower/robot_wall_follower/params.yaml -> /home/racecar/racecar_ws/src/team13/lab3/install/robot_wall_follower/share/robot_wall_follower
creating /home/racecar/racecar_ws/src/team13/lab3/install/robot_wall_follower/share/ament_index
creating /home/racecar/racecar_ws/src/team13/lab3/install/robot_wall_follower/share/ament_index/resource_index
creating /home/racecar/racecar_ws/src/team13/lab3/install/robot_wall_follower/share/ament_index/resource_index/packages
symbolically linking /home/racecar/racecar_ws/src/team13/lab3/build/robot_wall_follower/resource/robot_wall_follower -> /home/racecar/racecar_ws/src/team13/lab3/install/robot_wall_follower/share/ament_index/resource_index/packages
creating /home/racecar/racecar_ws/src/team13/lab3/install/robot_wall_follower/share/robot_wall_follower/launch
symbolically linking /home/racecar/racecar_ws/src/team13/lab3/build/robot_wall_follower/launch/wall_follower.launch.xml -> /home/racecar/racecar_ws/src/team13/lab3/install/robot_wall_follower/share/robot_wall_follower/launch
symbolically linking /home/racecar/racecar_ws/src/team13/lab3/build/robot_wall_follower/launch/launch_test.launch.py -> /home/racecar/racecar_ws/src/team13/lab3/install/robot_wall_follower/share/robot_wall_follower/launch
symbolically linking /home/racecar/racecar_ws/src/team13/lab3/build/robot_wall_follower/launch/launch_test_sim.launch.py -> /home/racecar/racecar_ws/src/team13/lab3/install/robot_wall_follower/share/robot_wall_follower/launch
