/usr/lib/python3/dist-packages/setuptools/dist.py:723: UserWarning: Usage of dash-separated 'script-dir' will not be supported in future versions. Please use the underscore name 'script_dir' instead
  warnings.warn(
running egg_info
creating ../build/safety_controller/safety_controller.egg-info
writing ../build/safety_controller/safety_controller.egg-info/PKG-INFO
writing dependency_links to ../build/safety_controller/safety_controller.egg-info/dependency_links.txt
writing entry points to ../build/safety_controller/safety_controller.egg-info/entry_points.txt
writing requirements to ../build/safety_controller/safety_controller.egg-info/requires.txt
writing top-level names to ../build/safety_controller/safety_controller.egg-info/top_level.txt
writing manifest file '../build/safety_controller/safety_controller.egg-info/SOURCES.txt'
reading manifest file '../build/safety_controller/safety_controller.egg-info/SOURCES.txt'
writing manifest file '../build/safety_controller/safety_controller.egg-info/SOURCES.txt'
running build
running build_py
creating /home/racecar/racecar_ws/src/lab3/build/safety_controller/build
creating /home/racecar/racecar_ws/src/lab3/build/safety_controller/build/lib
creating /home/racecar/racecar_ws/src/lab3/build/safety_controller/build/lib/safety_controller
copying safety_controller/__init__.py -> /home/racecar/racecar_ws/src/lab3/build/safety_controller/build/lib/safety_controller
copying safety_controller/safety_controller.py -> /home/racecar/racecar_ws/src/lab3/build/safety_controller/build/lib/safety_controller
running install
running install_lib
creating /home/racecar/racecar_ws/src/lab3/install/safety_controller/lib/python3.10/site-packages/safety_controller
copying /home/racecar/racecar_ws/src/lab3/build/safety_controller/build/lib/safety_controller/__init__.py -> /home/racecar/racecar_ws/src/lab3/install/safety_controller/lib/python3.10/site-packages/safety_controller
copying /home/racecar/racecar_ws/src/lab3/build/safety_controller/build/lib/safety_controller/safety_controller.py -> /home/racecar/racecar_ws/src/lab3/install/safety_controller/lib/python3.10/site-packages/safety_controller
byte-compiling /home/racecar/racecar_ws/src/lab3/install/safety_controller/lib/python3.10/site-packages/safety_controller/__init__.py to __init__.cpython-310.pyc
byte-compiling /home/racecar/racecar_ws/src/lab3/install/safety_controller/lib/python3.10/site-packages/safety_controller/safety_controller.py to safety_controller.cpython-310.pyc
running install_data
creating /home/racecar/racecar_ws/src/lab3/install/safety_controller/share/ament_index
creating /home/racecar/racecar_ws/src/lab3/install/safety_controller/share/ament_index/resource_index
creating /home/racecar/racecar_ws/src/lab3/install/safety_controller/share/ament_index/resource_index/packages
copying resource/safety_controller -> /home/racecar/racecar_ws/src/lab3/install/safety_controller/share/ament_index/resource_index/packages
copying package.xml -> /home/racecar/racecar_ws/src/lab3/install/safety_controller/share/safety_controller
creating /home/racecar/racecar_ws/src/lab3/install/safety_controller/share/safety_controller/launch
copying launch/safety_controller.launch.py -> /home/racecar/racecar_ws/src/lab3/install/safety_controller/share/safety_controller/launch
creating /home/racecar/racecar_ws/src/lab3/install/safety_controller/share/safety_controller/config
copying config/safety_controller_params.yaml -> /home/racecar/racecar_ws/src/lab3/install/safety_controller/share/safety_controller/config
running install_egg_info
Copying ../build/safety_controller/safety_controller.egg-info to /home/racecar/racecar_ws/src/lab3/install/safety_controller/lib/python3.10/site-packages/safety_controller-0.0.1-py3.10.egg-info
running install_scripts
Installing safety_controller_node script to /home/racecar/racecar_ws/src/lab3/install/safety_controller/lib/safety_controller
writing list of installed files to '/home/racecar/racecar_ws/src/lab3/build/safety_controller/install.log'
